{"numTotalTestSuites":10,"numPassedTestSuites":10,"numFailedTestSuites":0,"numPendingTestSuites":0,"numTotalTests":32,"numPassedTests":32,"numFailedTests":0,"numPendingTests":0,"numTodoTests":0,"snapshot":{"added":0,"failure":false,"filesAdded":0,"filesRemoved":0,"filesRemovedList":[],"filesUnmatched":0,"filesUpdated":0,"matched":0,"total":0,"unchecked":0,"uncheckedKeysByFile":[],"unmatched":0,"updated":0,"didUpdate":false},"startTime":1786760913523,"success":true,"testResults":[{"assertionResults":[{"ancestorTitles":["createChain — validation"],"fullName":"createChain — validation rejects empty step list","status":"passed","title":"rejects empty step list","duration":0.7950000000000159,"failureMessages":[],"meta":{}},{"ancestorTitles":["createChain — validation"],"fullName":"createChain — validation rejects duplicate step ids","status":"passed","title":"rejects duplicate step ids","duration":0.23210000000000264,"failureMessages":[],"meta":{}},{"ancestorTitles":["createChain — validation"],"fullName":"createChain — validation rejects empty approvers","status":"passed","title":"rejects empty approvers","duration":0.08839999999997872,"failureMessages":[],"meta":{}},{"ancestorTitles":["createChain — validation"],"fullName":"createChain — validation rejects duplicate approver ids within a step","status":"passed","title":"rejects duplicate approver ids within a step","duration":0.07819999999998117,"failureMessages":[],"meta":{}},{"ancestorTitles":["createChain — validation"],"fullName":"createChain — validation rejects invalid quorum (zero, negative, > approver count, non-integer)","status":"passed","title":"rejects invalid quorum (zero, negative, > approver count, non-integer)","duration":0.2411999999999921,"failureMessages":[],"meta":{}},{"ancestorTitles":["createChain — validation"],"fullName":"createChain — validation defaults requiredApprovals to 1","status":"passed","title":"defaults requiredApprovals to 1","duration":0.09190000000000964,"failureMessages":[],"meta":{}},{"ancestorTitles":["createChain — validation"],"fullName":"createChain — validation initializes chain and all steps in pending status with no decisions","status":"passed","title":"initializes chain and all steps in pending status with no decisions","duration":0.12479999999999336,"failureMessages":[],"meta":{}},{"ancestorTitles":["nextPendingStep / pendingSteps — sequential chain"],"fullName":"nextPendingStep / pendingSteps — sequential chain returns the first pending step only","status":"passed","title":"returns the first pending step only","duration":0.46200000000004593,"failureMessages":[],"meta":{}},{"ancestorTitles":["nextPendingStep / pendingSteps — sequential chain"],"fullName":"nextPendingStep / pendingSteps — sequential chain advances after a step finalises","status":"passed","title":"advances after a step finalises","duration":0.30520000000001346,"failureMessages":[],"meta":{}},{"ancestorTitles":["pendingSteps — parallel chain"],"fullName":"pendingSteps — parallel chain returns all pending steps at once","status":"passed","title":"returns all pending steps at once","duration":0.12860000000000582,"failureMessages":[],"meta":{}},{"ancestorTitles":["applyDecision — happy path"],"fullName":"applyDecision — happy path marks step approved when quorum met (default quorum=1)","status":"passed","title":"marks step approved when quorum met (default quorum=1)","duration":0.08850000000001046,"failureMessages":[],"meta":{}},{"ancestorTitles":["applyDecision — happy path"],"fullName":"applyDecision — happy path marks chain approved when all steps complete","status":"passed","title":"marks chain approved when all steps complete","duration":0.09100000000000819,"failureMessages":[],"meta":{}},{"ancestorTitles":["applyDecision — happy path"],"fullName":"applyDecision — happy path preserves immutability — returns new chain, original unchanged","status":"passed","title":"preserves immutability — returns new chain, original unchanged","duration":0.2928999999999746,"failureMessages":[],"meta":{}},{"ancestorTitles":["applyDecision — happy path"],"fullName":"applyDecision — happy path records decidedAt and note on the decision","status":"passed","title":"records decidedAt and note on the decision","duration":0.10480000000001155,"failureMessages":[],"meta":{}},{"ancestorTitles":["applyDecision — quorum"],"fullName":"applyDecision — quorum parallel quorum: step approved when requiredApprovals met (even with more approvers)","status":"passed","title":"parallel quorum: step approved when requiredApprovals met (even with more approvers)","duration":0.11439999999998918,"failureMessages":[],"meta":{}},{"ancestorTitles":["applyDecision — quorum"],"fullName":"applyDecision — quorum any rejection on a step immediately rejects it and the chain","status":"passed","title":"any rejection on a step immediately rejects it and the chain","duration":0.13349999999996953,"failureMessages":[],"meta":{}},{"ancestorTitles":["applyDecision — error cases"],"fullName":"applyDecision — error cases throws on unknown step","status":"passed","title":"throws on unknown step","duration":0.06299999999998818,"failureMessages":[],"meta":{}},{"ancestorTitles":["applyDecision — error cases"],"fullName":"applyDecision — error cases throws when decising on a step that is not active yet (sequential gating)","status":"passed","title":"throws when decising on a step that is not active yet (sequential gating)","duration":0.05490000000003192,"failureMessages":[],"meta":{}},{"ancestorTitles":["applyDecision — error cases"],"fullName":"applyDecision — error cases throws when deciding on an already-finalized step","status":"passed","title":"throws when deciding on an already-finalized step","duration":0.06839999999999691,"failureMessages":[],"meta":{}},{"ancestorTitles":["applyDecision — error cases"],"fullName":"applyDecision — error cases throws when approver is not listed on the step","status":"passed","title":"throws when approver is not listed on the step","duration":0.048699999999996635,"failureMessages":[],"meta":{}},{"ancestorTitles":["applyDecision — error cases"],"fullName":"applyDecision — error cases throws when the same approver tries to decide twice on a step","status":"passed","title":"throws when the same approver tries to decide twice on a step","duration":0.05660000000000309,"failureMessages":[],"meta":{}},{"ancestorTitles":["skipStep"],"fullName":"skipStep marks a pending step as skipped and carries chain forward","status":"passed","title":"marks a pending step as skipped and carries chain forward","duration":0.1652000000000271,"failureMessages":[],"meta":{}},{"ancestorTitles":["skipStep"],"fullName":"skipStep throws when skipping an unknown step","status":"passed","title":"throws when skipping an unknown step","duration":0.05099999999998772,"failureMessages":[],"meta":{}},{"ancestorTitles":["skipStep"],"fullName":"skipStep throws when skipping a finalized step","status":"passed","title":"throws when skipping a finalized step","duration":0.05299999999999727,"failureMessages":[],"meta":{}},{"ancestorTitles":["parallel chain with threshold skips — realistic scenario"],"fullName":"parallel chain with threshold skips — realistic scenario auto-skip + approve flow","status":"passed","title":"auto-skip + approve flow","duration":0.06740000000002055,"failureMessages":[],"meta":{}},{"ancestorTitles":["notRequiredChain — \"the policy engine ran and nothing applied\""],"fullName":"notRequiredChain — \"the policy engine ran and nothing applied\" is approved, so every existing gate passes unchanged","status":"passed","title":"is approved, so every existing gate passes unchanged","duration":0.45650000000000546,"failureMessages":[],"meta":{}},{"ancestorTitles":["notRequiredChain — \"the policy engine ran and nothing applied\""],"fullName":"notRequiredChain — \"the policy engine ran and nothing applied\" is distinguishable from a GRANTED approval","status":"passed","title":"is distinguishable from a GRANTED approval","duration":0.11119999999999663,"failureMessages":[],"meta":{}},{"ancestorTitles":["notRequiredChain — \"the policy engine ran and nothing applied\""],"fullName":"notRequiredChain — \"the policy engine ran and nothing applied\" is distinguishable from a LOST chain: absence still fails loudly","status":"passed","title":"is distinguishable from a LOST chain: absence still fails loudly","duration":0.6390999999999849,"failureMessages":[],"meta":{}},{"ancestorTitles":["notRequiredChain — \"the policy engine ran and nothing applied\""],"fullName":"notRequiredChain — \"the policy engine ran and nothing applied\" records why, for the audit trail","status":"passed","title":"records why, for the audit trail","duration":0.05490000000003192,"failureMessages":[],"meta":{}},{"ancestorTitles":["notRequiredChain — \"the policy engine ran and nothing applied\""],"fullName":"notRequiredChain — \"the policy engine ran and nothing applied\" cannot be decided — there is no step to decide","status":"passed","title":"cannot be decided — there is no step to decide","duration":0.057900000000017826,"failureMessages":[],"meta":{}},{"ancestorTitles":["notRequiredChain — \"the policy engine ran and nothing applied\""],"fullName":"notRequiredChain — \"the policy engine ran and nothing applied\" createChain still REFUSES an empty step list","status":"passed","title":"createChain still REFUSES an empty step list","duration":0.0484000000000151,"failureMessages":[],"meta":{}},{"ancestorTitles":["notRequiredChain — \"the policy engine ran and nothing applied\""],"fullName":"notRequiredChain — \"the policy engine ran and nothing applied\" isNotRequired reads STRUCTURE, so a schema that drops the reason cannot flip it","status":"passed","title":"isNotRequired reads STRUCTURE, so a schema that drops the reason cannot flip it","duration":0.07179999999999609,"failureMessages":[],"meta":{}}],"startTime":1786760913856,"endTime":1786760913862.0718,"status":"passed","message":"","name":"D:/projects/ecom/commerce/packages/reference-only/primitives/tests/unit/approval.test.ts"}]}